*********************************************************************
* LD Score Regression (LDSC)
* Version 1.0.1
* (C) 2014-2019 Brendan Bulik-Sullivan and Hilary Finucane
* Broad Institute of MIT and Harvard / MIT Department of Mathematics
* GNU General Public License v3
*********************************************************************
Call: 
./ldsc.py \
--h2-cts /u/project/gandalm/jops/ucdavis_cpvz_isoseq/LDSC_novel_exons/snakemake2/input/gwas/ICV_Adams_2016.hm3_filter.sumstats.gz \
--ref-ld-chr /u/project/gandalm/margolis/alexandria/pipelines/ldsc_snake/resources/1000G_phase3/baseline_v1.2/baseline. \
--out DE/DE_cts_result/ICV_Adams_2016 \
--ref-ld-chr-cts DE/DE.ldcts \
--w-ld-chr /u/project/gandalm/margolis/alexandria/pipelines/ldsc_snake/resources/1000G_phase3/weights/weights.hm3_noMHC. 

Beginning analysis at Fri Jan 27 14:53:31 2023
Reading summary statistics from /u/project/gandalm/jops/ucdavis_cpvz_isoseq/LDSC_novel_exons/snakemake2/input/gwas/ICV_Adams_2016.hm3_filter.sumstats.gz ...
Read summary statistics for 1167115 SNPs.
Reading reference panel LD Score from /u/project/gandalm/margolis/alexandria/pipelines/ldsc_snake/resources/1000G_phase3/baseline_v1.2/baseline.[1-22] ... (ldscore_fromlist)
Read reference panel LD Scores for 1190321 SNPs.
Removing partitioned LD Scores with zero variance.
Reading regression weight LD Score from /u/project/gandalm/margolis/alexandria/pipelines/ldsc_snake/resources/1000G_phase3/weights/weights.hm3_noMHC.[1-22] ... (ldscore_fromlist)
Read regression weight LD Scores for 1187349 SNPs.
After merging with reference panel LD, 1154688 SNPs remain.
After merging with regression SNP LD, 1151897 SNPs remain.
Removed 14 SNPs with chi^2 > 80 (1151883 SNPs remain)
Reading cts reference panel LD Score from DE/DE_ldscores/DTU.,DE/DE_ldscores/DE.background.[1-22] ... (ldscore_fromlist)
Performing regression.
Reading cts reference panel LD Score from DE/DE_ldscores/DTU.up.,DE/DE_ldscores/DE.background.[1-22] ... (ldscore_fromlist)
Performing regression.
Reading cts reference panel LD Score from DE/DE_ldscores/DTU.down.,DE/DE_ldscores/DE.background.[1-22] ... (ldscore_fromlist)
Performing regression.
Reading cts reference panel LD Score from DE/DE_ldscores/DTU.not.DGE.,DE/DE_ldscores/DE.background.[1-22] ... (ldscore_fromlist)
Performing regression.
Reading cts reference panel LD Score from DE/DE_ldscores/DTU.not.DTE.,DE/DE_ldscores/DE.background.[1-22] ... (ldscore_fromlist)
Performing regression.
Reading cts reference panel LD Score from DE/DE_ldscores/DTE.,DE/DE_ldscores/DE.background.[1-22] ... (ldscore_fromlist)
Performing regression.
Reading cts reference panel LD Score from DE/DE_ldscores/DTE.up.,DE/DE_ldscores/DE.background.[1-22] ... (ldscore_fromlist)
Performing regression.
Reading cts reference panel LD Score from DE/DE_ldscores/DTE.down.,DE/DE_ldscores/DE.background.[1-22] ... (ldscore_fromlist)
Performing regression.
Reading cts reference panel LD Score from DE/DE_ldscores/DGE.,DE/DE_ldscores/DE.background.[1-22] ... (ldscore_fromlist)
Performing regression.
Reading cts reference panel LD Score from DE/DE_ldscores/DGE.up.,DE/DE_ldscores/DE.background.[1-22] ... (ldscore_fromlist)
Performing regression.
Reading cts reference panel LD Score from DE/DE_ldscores/DGE.down.,DE/DE_ldscores/DE.background.[1-22] ... (ldscore_fromlist)
Performing regression.
Results printed to DE/DE_cts_result/ICV_Adams_2016.cell_type_results.txt
Analysis finished at Fri Jan 27 14:57:06 2023
Total time elapsed: 3.0m:35.08s
